c:\users\annesam\code\jdokan\dll\debug\jdokan.pch
c:\users\annesam\code\jdokan\dll\debug\stdafx.obj
c:\users\annesam\code\jdokan\dll\debug\vc100.pdb
c:\users\annesam\code\jdokan\dll\debug\dokanobjutils.obj
c:\users\annesam\code\jdokan\dll\debug\ids.obj
c:\users\annesam\code\jdokan\dll\debug\jdokandll.obj
c:\users\annesam\code\jdokan\dll\debug\utils.obj
c:\users\annesam\code\jdokan\dll\debug\jdokan.lib
c:\users\annesam\code\jdokan\dll\debug\jdokan.exp
c:\users\annesam\code\jdokan\dll\debug\jdokan.ilk
c:\users\annesam\code\jdokan\dll\debug\jdokan.dll
c:\users\annesam\code\jdokan\dll\debug\jdokan.dll.intermediate.manifest
c:\users\annesam\code\jdokan\dll\debug\jdokan.pdb
c:\users\annesam\code\jdokan\dll\debug\jdokan.dll.embed.manifest
c:\users\annesam\code\jdokan\dll\debug\jdokan.dll.embed.manifest.res
c:\users\samsilverberg\documents\github\jdokan\dll\debug\jdokan.pch
c:\users\samsilverberg\documents\github\jdokan\dll\debug\vc140.pdb
c:\users\samsilverberg\documents\github\jdokan\dll\debug\vc140.idb
c:\users\samsilverberg\documents\github\jdokan\dll\debug\stdafx.obj
c:\users\samsilverberg\documents\github\jdokan\dll\debug\vc120.pdb
c:\users\samsilverberg\documents\github\jdokan\dll\debug\vc120.idb
c:\users\samsilverberg\documents\github\jdokan\dll\debug\ids.obj
c:\users\samsilverberg\documents\github\jdokan\dll\debug\utils.obj
c:\users\samsilverberg\documents\github\jdokan\dll\debug\jdokan.ilk
c:\users\samsilverberg\documents\github\jdokan\dll\debug\cl.command.1.tlog
c:\users\samsilverberg\documents\github\jdokan\dll\debug\cl.read.1.tlog
c:\users\samsilverberg\documents\github\jdokan\dll\debug\cl.write.1.tlog
c:\users\samsilverberg\documents\github\jdokan\dll\debug\jdokan.write.1.tlog
c:\users\samsilverberg\documents\github\jdokan\dll\debug\link-cvtres.read.1.tlog
c:\users\samsilverberg\documents\github\jdokan\dll\debug\link-cvtres.write.1.tlog
c:\users\samsilverberg\documents\github\jdokan\dll\debug\link.4032-cvtres.read.1.tlog
c:\users\samsilverberg\documents\github\jdokan\dll\debug\link.4032-cvtres.write.1.tlog
c:\users\samsilverberg\documents\github\jdokan\dll\debug\link.4032.read.1.tlog
c:\users\samsilverberg\documents\github\jdokan\dll\debug\link.4032.write.1.tlog
c:\users\samsilverberg\documents\github\jdokan\dll\debug\link.command.1.tlog
c:\users\samsilverberg\documents\github\jdokan\dll\debug\link.read.1.tlog
c:\users\samsilverberg\documents\github\jdokan\dll\debug\link.write.1.tlog
c:\users\samsilverberg\documents\github\jdokan\dll\debug\mt.command.1.tlog
c:\users\samsilverberg\documents\github\jdokan\dll\debug\mt.read.1.tlog
c:\users\samsilverberg\documents\github\jdokan\dll\debug\mt.write.1.tlog
c:\users\samsilverberg\documents\github\jdokan\dll\debug\rc.command.1.tlog
c:\users\samsilverberg\documents\github\jdokan\dll\debug\rc.read.1.tlog
c:\users\samsilverberg\documents\github\jdokan\dll\debug\rc.write.1.tlog
c:\users\samsilverberg\documents\github\jdokan\dll\debug\jdokan.dll.embed.manifest
c:\users\samsilverberg\documents\github\jdokan\dll\debug\jdokan.dll.intermediate.manifest
c:\users\samsilverberg\documents\github\jdokan\dll\debug\jdokan.dll.embed.manifest.res
c:\users\samsilverberg\documents\github\jdokan\dll\debug\jdokan.exp
c:\users\samsilverberg\documents\github\jdokan\dll\debug\vc100.idb
c:\users\samsilverberg\documents\github\jdokan\dll\debug\jdokan.pdb
c:\users\samsilverberg\documents\github\jdokan\dll\debug\vc100.pdb
c:\users\samsilverberg\documents\github\jdokan\dll\debug\jdokan_manifest.rc
c:\users\samsilverberg\documents\github\jdokan\dll\debug\jdokan.dll
c:\users\samsilverberg\documents\github\jdokan\dll\debug\jdokan.tlog\cl.command.1.tlog
c:\users\samsilverberg\documents\github\jdokan\dll\debug\jdokan.tlog\cl.read.1.tlog
c:\users\samsilverberg\documents\github\jdokan\dll\debug\jdokan.tlog\cl.write.1.tlog
