c:\users\annesam\documents\devel\jdokan\dll\release\jdokan.pch
c:\users\annesam\documents\devel\jdokan\dll\release\stdafx.obj
c:\users\annesam\documents\devel\jdokan\dll\release\vc100.pdb
c:\users\annesam\documents\devel\jdokan\dll\release\utils.obj
c:\users\annesam\documents\devel\jdokan\dll\release\jdokandll.obj
c:\users\annesam\documents\devel\jdokan\dll\release\ids.obj
c:\users\annesam\documents\devel\jdokan\dll\release\dokanobjutils.obj
c:\users\annesam\documents\devel\jdokan\dll\release\jdokan.lib
c:\users\annesam\documents\devel\jdokan\dll\release\jdokan.exp
c:\users\annesam\documents\devel\jdokan\dll\release\jdokan.dll
c:\users\annesam\documents\devel\jdokan\dll\release\jdokan.dll.intermediate.manifest
c:\users\annesam\documents\devel\jdokan\dll\release\jdokan.pdb
c:\users\samsilverberg\documents\github\jdokan\dll\release\dokanobjutils.obj
c:\users\samsilverberg\documents\github\jdokan\dll\release\ids.obj
c:\users\samsilverberg\documents\github\jdokan\dll\release\jdokandll.obj
c:\users\samsilverberg\documents\github\jdokan\dll\release\stdafx.obj
c:\users\samsilverberg\documents\github\jdokan\dll\release\utils.obj
c:\users\samsilverberg\documents\github\jdokan\dll\release\cl.command.1.tlog
c:\users\samsilverberg\documents\github\jdokan\dll\release\cl.read.1.tlog
c:\users\samsilverberg\documents\github\jdokan\dll\release\cl.write.1.tlog
c:\users\samsilverberg\documents\github\jdokan\dll\release\jdokan.write.1.tlog
c:\users\samsilverberg\documents\github\jdokan\dll\release\link.command.1.tlog
c:\users\samsilverberg\documents\github\jdokan\dll\release\link.read.1.tlog
c:\users\samsilverberg\documents\github\jdokan\dll\release\link.write.1.tlog
c:\users\samsilverberg\documents\github\jdokan\dll\release\mt.command.1.tlog
c:\users\samsilverberg\documents\github\jdokan\dll\release\mt.read.1.tlog
c:\users\samsilverberg\documents\github\jdokan\dll\release\mt.write.1.tlog
c:\users\samsilverberg\documents\github\jdokan\dll\release\jdokan.dll.intermediate.manifest
c:\users\samsilverberg\documents\github\jdokan\dll\release\jdokan.exp
c:\users\samsilverberg\documents\github\jdokan\dll\release\jdokan.pdb
c:\users\samsilverberg\documents\github\jdokan\dll\release\vc100.pdb
c:\users\samsilverberg\documents\github\jdokan\dll\release\vc120.pdb
c:\users\samsilverberg\documents\github\jdokan\dll\release\jdokan.dll
c:\users\samsilverberg\documents\github\jdokan\dll\release\jdokan.tlog\cl.command.1.tlog
