Build started 11/14/2015 7:53:44 AM.
     1>Project "C:\Users\samsilverberg\Documents\GitHub\jdokan\DLL\JDokanDLL.vcxproj" on node 2 (Build target(s)).
     1>Link:
         C:\Program Files (x86)\Microsoft Visual Studio 14.0\VC\bin\link.exe /ERRORREPORT:PROMPT /OUT:"C:\Users\samsilverberg\Documents\GitHub\jdokan\DLL\Release\JDokan.dll" /INCREMENTAL:NO /NOLOGO /LIBPATH:C:\Users\samsilverberg\Documents\GitHub\jdokan\DLL\Release\ /LIBPATH:C:\work\prog\ufuse\trunk\uFuseWin\binary dokan.lib ntdll.lib /MANIFEST /MANIFESTUAC:"level='asInvoker' uiAccess='false'" /manifest:embed /Debug /PDB:"C:\Users\samsilverberg\Documents\GitHub\jdokan\DLL\Release\JDokan.pdb" /SUBSYSTEM:WINDOWS /OPT:REF /OPT:ICF /LTCG:incremental /TLBID:1 /DYNAMICBASE /NXCOMPAT /IMPLIB:"C:\Users\samsilverberg\Documents\GitHub\jdokan\DLL\Release\JDokan.lib" /MACHINE:X86 /SAFESEH /DLL Release\DokanObjUtils.obj
         Release\IDs.obj
         Release\JDokanDLL.obj
         Release\stdafx.obj
         Release\Utils.obj
            Creating library C:\Users\samsilverberg\Documents\GitHub\jdokan\DLL\Release\JDokan.lib and object C:\Users\samsilverberg\Documents\GitHub\jdokan\DLL\Release\JDokan.exp
     1>JDokanDLL.obj : error LNK2001: unresolved external symbol __imp__SetUserObjectSecurity@12
     1>JDokanDLL.obj : error LNK2001: unresolved external symbol __imp__DokanResetTimeout@8
     1>JDokanDLL.obj : error LNK2001: unresolved external symbol __imp__DokanRemoveMountPoint@4
     1>JDokanDLL.obj : error LNK2001: unresolved external symbol __imp__DokanVersion@0
     1>JDokanDLL.obj : error LNK2001: unresolved external symbol __imp__OpenProcessToken@12
     1>JDokanDLL.obj : error LNK2001: unresolved external symbol __imp__GetUserObjectSecurity@20
     1>JDokanDLL.obj : error LNK2001: unresolved external symbol __imp__DokanDriverVersion@0
     1>JDokanDLL.obj : error LNK2001: unresolved external symbol __imp__DokanIsNameInExpression@12
     1>JDokanDLL.obj : error LNK2001: unresolved external symbol __imp__AdjustTokenPrivileges@24
     1>JDokanDLL.obj : error LNK2001: unresolved external symbol __imp__DokanMain@8
     1>JDokanDLL.obj : error LNK2001: unresolved external symbol __imp__LookupPrivilegeValueW@12
     1>C:\Users\samsilverberg\Documents\GitHub\jdokan\DLL\Release\JDokan.dll : fatal error LNK1120: 11 unresolved externals
     1>Done Building Project "C:\Users\samsilverberg\Documents\GitHub\jdokan\DLL\JDokanDLL.vcxproj" (Build target(s)) -- FAILED.

Build FAILED.

Time Elapsed 00:00:00.16
